  Main.cpp
Main.cpp(49): warning C4305: 'initializing' : truncation from 'double' to 'float'
Main.cpp(51): warning C4305: 'initializing' : truncation from 'double' to 'float'
Main.cpp(52): warning C4305: 'initializing' : truncation from 'double' to 'float'
Main.cpp(53): warning C4305: 'initializing' : truncation from 'double' to 'float'
Main.cpp(54): warning C4305: 'initializing' : truncation from 'double' to 'float'
Main.cpp(55): warning C4305: 'initializing' : truncation from 'double' to 'float'
Main.cpp(56): warning C4305: 'initializing' : truncation from 'double' to 'float'
Main.cpp(58): warning C4305: 'initializing' : truncation from 'double' to 'float'
Main.cpp(59): warning C4305: 'initializing' : truncation from 'double' to 'float'
Main.cpp(60): warning C4305: 'initializing' : truncation from 'double' to 'float'
Main.cpp(61): warning C4305: 'initializing' : truncation from 'double' to 'float'
Main.cpp(63): warning C4305: 'initializing' : truncation from 'double' to 'float'
Main.cpp(64): warning C4305: 'initializing' : truncation from 'double' to 'float'
Main.cpp(65): warning C4305: 'initializing' : truncation from 'double' to 'float'
Main.cpp(66): warning C4305: 'initializing' : truncation from 'double' to 'float'
Main.cpp(67): warning C4305: 'initializing' : truncation from 'double' to 'float'
Main.cpp(68): warning C4305: 'initializing' : truncation from 'double' to 'float'
Main.cpp(317): warning C4101: 'height' : unreferenced local variable
Main.cpp(317): warning C4101: 'width' : unreferenced local variable
Main.cpp(318): warning C4101: 'hasAlpha' : unreferenced local variable
  Generating code
  Finished generating code
  OpenGL16.vcxproj -> c:\users\user\documents\visual studio 2012\Projects\OpenGL16\Release\OpenGL16.exe
