C:\USERS\USER\DOCUMENTS\VISUAL STUDIO 2012\PROJECTS\OPENGL17\OPENGL17\RELEASE\MAIN.OBJ
C:\USERS\USER\DOCUMENTS\VISUAL STUDIO 2012\PROJECTS\OPENGL17\OPENGL17\RELEASE\LOAD_TEXTURES.OBJ
C:\USERS\USER\DOCUMENTS\VISUAL STUDIO 2012\PROJECTS\OPENGL17\OPENGL17\RELEASE\LOAD_SHADERS.OBJ
C:\USERS\USER\DOCUMENTS\VISUAL STUDIO 2012\PROJECTS\OPENGL17\OPENGL17\RELEASE\CAMERA.OBJ
C:\USERS\USER\DOCUMENTS\VISUAL STUDIO 2012\PROJECTS\OPENGL17\OPENGL17\RELEASE\VC110.PDB
C:\USERS\USER\DOCUMENTS\VISUAL STUDIO 2012\PROJECTS\OPENGL17\RELEASE\OPENGL17.EXE
C:\Users\User\documents\visual studio 2012\Projects\OpenGL17\OpenGL17\Release\Camera.obj
C:\Users\User\documents\visual studio 2012\Projects\OpenGL17\OpenGL17\Release\load_shaders.obj
C:\Users\User\documents\visual studio 2012\Projects\OpenGL17\OpenGL17\Release\load_textures.obj
C:\Users\User\documents\visual studio 2012\Projects\OpenGL17\OpenGL17\Release\Main.obj
C:\Users\User\documents\visual studio 2012\Projects\OpenGL17\OpenGL17\Release\cl.command.1.tlog
C:\Users\User\documents\visual studio 2012\Projects\OpenGL17\OpenGL17\Release\CL.read.1.tlog
C:\Users\User\documents\visual studio 2012\Projects\OpenGL17\OpenGL17\Release\CL.write.1.tlog
C:\Users\User\documents\visual studio 2012\Projects\OpenGL17\OpenGL17\Release\link-cvtres.read.1.tlog
C:\Users\User\documents\visual studio 2012\Projects\OpenGL17\OpenGL17\Release\link-cvtres.write.1.tlog
C:\Users\User\documents\visual studio 2012\Projects\OpenGL17\OpenGL17\Release\link-rc.read.1.tlog
C:\Users\User\documents\visual studio 2012\Projects\OpenGL17\OpenGL17\Release\link-rc.write.1.tlog
C:\Users\User\documents\visual studio 2012\Projects\OpenGL17\OpenGL17\Release\link.command.1.tlog
C:\Users\User\documents\visual studio 2012\Projects\OpenGL17\OpenGL17\Release\link.read.1.tlog
C:\Users\User\documents\visual studio 2012\Projects\OpenGL17\OpenGL17\Release\link.read.3.tlog
C:\Users\User\documents\visual studio 2012\Projects\OpenGL17\OpenGL17\Release\link.write.1.tlog
C:\Users\User\documents\visual studio 2012\Projects\OpenGL17\OpenGL17\Release\vc110.pdb
C:\Users\User\documents\visual studio 2012\Projects\OpenGL17\Release\OpenGL17.exe
