C:\USERS\USER\DOCUMENTS\VISUAL STUDIO 2012\PROJECTS\OPENGL11\OPENGL11\RELEASE\LOAD_PNG.OBJ
C:\USERS\USER\DOCUMENTS\VISUAL STUDIO 2012\PROJECTS\OPENGL11\OPENGL11\RELEASE\LOAD_BMP.OBJ
C:\USERS\USER\DOCUMENTS\VISUAL STUDIO 2012\PROJECTS\OPENGL11\OPENGL11\RELEASE\LOAD_TEXTURES.OBJ
C:\USERS\USER\DOCUMENTS\VISUAL STUDIO 2012\PROJECTS\OPENGL11\OPENGL11\RELEASE\LOAD_SHADERS.OBJ
C:\USERS\USER\DOCUMENTS\VISUAL STUDIO 2012\PROJECTS\OPENGL11\OPENGL11\RELEASE\MAIN.OBJ
C:\USERS\USER\DOCUMENTS\VISUAL STUDIO 2012\PROJECTS\OPENGL11\OPENGL11\RELEASE\VC110.PDB
C:\USERS\USER\DOCUMENTS\VISUAL STUDIO 2012\PROJECTS\OPENGL11\RELEASE\OPENGL11.EXE
C:\Users\User\documents\visual studio 2012\Projects\OpenGL11\OpenGL11\Release\load_bmp.obj
C:\Users\User\documents\visual studio 2012\Projects\OpenGL11\OpenGL11\Release\load_png.obj
C:\Users\User\documents\visual studio 2012\Projects\OpenGL11\OpenGL11\Release\load_shaders.obj
C:\Users\User\documents\visual studio 2012\Projects\OpenGL11\OpenGL11\Release\load_textures.obj
C:\Users\User\documents\visual studio 2012\Projects\OpenGL11\OpenGL11\Release\Main.obj
C:\Users\User\documents\visual studio 2012\Projects\OpenGL11\OpenGL11\Release\cl.command.1.tlog
C:\Users\User\documents\visual studio 2012\Projects\OpenGL11\OpenGL11\Release\CL.read.1.tlog
C:\Users\User\documents\visual studio 2012\Projects\OpenGL11\OpenGL11\Release\CL.write.1.tlog
C:\Users\User\documents\visual studio 2012\Projects\OpenGL11\OpenGL11\Release\link-cvtres.read.1.tlog
C:\Users\User\documents\visual studio 2012\Projects\OpenGL11\OpenGL11\Release\link-cvtres.write.1.tlog
C:\Users\User\documents\visual studio 2012\Projects\OpenGL11\OpenGL11\Release\link-rc.read.1.tlog
C:\Users\User\documents\visual studio 2012\Projects\OpenGL11\OpenGL11\Release\link-rc.write.1.tlog
C:\Users\User\documents\visual studio 2012\Projects\OpenGL11\OpenGL11\Release\link.command.1.tlog
C:\Users\User\documents\visual studio 2012\Projects\OpenGL11\OpenGL11\Release\link.read.1.tlog
C:\Users\User\documents\visual studio 2012\Projects\OpenGL11\OpenGL11\Release\link.write.1.tlog
C:\Users\User\documents\visual studio 2012\Projects\OpenGL11\OpenGL11\Release\vc110.pdb
C:\Users\User\documents\visual studio 2012\Projects\OpenGL11\Release\OpenGL11.exe
