Build started 10/1/2018 11:55:57 AM.
     1>Project "C:\Users\User\documents\visual studio 2012\Projects\OpenGL32\OpenGL32\OpenGL32.vcxproj" on node 2 (Build target(s)).
     1>ClCompile:
         C:\Program Files (x86)\Microsoft Visual Studio 11.0\VC\bin\CL.exe /c /Zi /nologo /W3 /WX- /O2 /Oi /Oy- /GL /D _MBCS /Gm- /EHsc /MT /GS /Gy /fp:precise /Zc:wchar_t /Zc:forScope /Fo"Release\\" /Fd"Release\vc110.pdb" /Gd /TP /analyze- /errorReport:prompt Main.cpp glfwKey.cpp
         Main.cpp
         glfwKey.cpp
       Link:
         C:\Program Files (x86)\Microsoft Visual Studio 11.0\VC\bin\link.exe /ERRORREPORT:PROMPT /OUT:"C:\Users\User\documents\visual studio 2012\Projects\OpenGL32\Release\OpenGL32.exe" /NOLOGO kernel32.lib user32.lib gdi32.lib winspool.lib comdlg32.lib advapi32.lib shell32.lib ole32.lib oleaut32.lib uuid.lib odbc32.lib odbccp32.lib /MANIFEST /MANIFESTUAC:"level='asInvoker' uiAccess='false'" /manifest:embed /PDB:"C:\Users\User\documents\visual studio 2012\Projects\OpenGL32\Release\OpenGL32.pdb" /OPT:REF /OPT:ICF /LTCG /TLBID:1 /DYNAMICBASE /NXCOMPAT /IMPLIB:"C:\Users\User\documents\visual studio 2012\Projects\OpenGL32\Release\OpenGL32.lib" /MACHINE:X86 /SAFESEH Release\Common.obj
         Release\fbxloader.obj
         Release\glfwKey.obj
         Release\load_buffers.obj
         Release\load_shaders.obj
         Release\load_textures.obj
         Release\Main.obj
         Release\objloader.obj
         Generating code
         Finished generating code
         OpenGL32.vcxproj -> C:\Users\User\documents\visual studio 2012\Projects\OpenGL32\Release\OpenGL32.exe
     1>Done Building Project "C:\Users\User\documents\visual studio 2012\Projects\OpenGL32\OpenGL32\OpenGL32.vcxproj" (Build target(s)).

Build succeeded.

Time Elapsed 00:00:17.05
